Automed/app/build/intermediates/manifest_merge_blame_file/debug/manifest-merger-blame-debug-report.txt
1<?xml version="1.0" encoding="utf-8"?>
2<manifest xmlns:android="http://schemas.android.com/apk/res/android"
3    package="com.kz.automed"
4    android:versionCode="1"
5    android:versionName="1.0" >
6
7    <uses-sdk
8        android:minSdkVersion="21"
8-->src/main/AndroidManifest.xml
9        android:targetSdkVersion="29" />
9-->src/main/AndroidManifest.xml
10
11    <uses-permission android:name="android.permission.INTERNET" />
11-->src/main/AndroidManifest.xml:4:5-83
11-->src/main/AndroidManifest.xml:4:22-64
12
13    <!-- Although the *SdkVersion is captured in gradle build files, this is required for non gradle builds -->
14    <!-- <uses-sdk android:minSdkVersion="14"/> -->
15    <uses-permission android:name="android.permission.ACCESS_NETWORK_STATE" />
15-->[com.google.firebase:firebase-database:19.1.0] AndroidManifest.xml:25:5-79
15-->[com.google.firebase:firebase-database:19.1.0] AndroidManifest.xml:25:22-76
16    <uses-permission android:name="android.permission.WAKE_LOCK" /> <!-- Required by older versions of Google Play services to create IID tokens -->
16-->[com.google.android.gms:play-services-measurement-api:17.2.0] AndroidManifest.xml:24:5-68
16-->[com.google.android.gms:play-services-measurement-api:17.2.0] AndroidManifest.xml:24:22-65
17    <uses-permission android:name="com.google.android.c2dm.permission.RECEIVE" />
17-->[com.google.firebase:firebase-iid:19.0.0] AndroidManifest.xml:26:5-82
17-->[com.google.firebase:firebase-iid:19.0.0] AndroidManifest.xml:26:22-79
18    <uses-permission android:name="com.google.android.finsky.permission.BIND_GET_INSTALL_REFERRER_SERVICE" />
18-->[com.google.android.gms:play-services-measurement:17.2.0] AndroidManifest.xml:26:5-110
18-->[com.google.android.gms:play-services-measurement:17.2.0] AndroidManifest.xml:26:22-107
19
20    <application
20-->src/main/AndroidManifest.xml:6:5-27:19
21        android:allowBackup="true"
21-->src/main/AndroidManifest.xml:7:9-35
22        android:appComponentFactory="androidx.core.app.CoreComponentFactory"
22-->[androidx.core:core:1.1.0] AndroidManifest.xml:24:18-86
23        android:debuggable="true"
24        android:icon="@mipmap/ic_launcher"
24-->src/main/AndroidManifest.xml:8:9-43
25        android:label="@string/app_name"
25-->src/main/AndroidManifest.xml:9:9-41
26        android:roundIcon="@mipmap/ic_launcher_round"
26-->src/main/AndroidManifest.xml:10:9-54
27        android:supportsRtl="true"
27-->src/main/AndroidManifest.xml:11:9-35
28        android:theme="@style/AppTheme" >
28-->src/main/AndroidManifest.xml:12:9-40
29        <activity android:name="com.kz.automed.MainActivity" >
29-->src/main/AndroidManifest.xml:13:9-19:20
29-->src/main/AndroidManifest.xml:13:19-47
30            <intent-filter>
30-->src/main/AndroidManifest.xml:14:13-18:29
31                <action android:name="android.intent.action.MAIN" />
31-->src/main/AndroidManifest.xml:15:17-69
31-->src/main/AndroidManifest.xml:15:25-66
32
33                <category android:name="android.intent.category.LAUNCHER" />
33-->src/main/AndroidManifest.xml:17:17-77
33-->src/main/AndroidManifest.xml:17:27-74
34            </intent-filter>
35        </activity>
36        <activity android:name="com.kz.automed.ActivityLogin" />
36-->src/main/AndroidManifest.xml:20:9-51
36-->src/main/AndroidManifest.xml:20:19-48
37        <activity android:name="com.kz.automed.ActivityMedicine" />
37-->src/main/AndroidManifest.xml:21:9-54
37-->src/main/AndroidManifest.xml:21:19-51
38        <activity android:name="com.kz.automed.ActivityResult" />
38-->src/main/AndroidManifest.xml:22:9-52
38-->src/main/AndroidManifest.xml:22:19-49
39        <activity android:name="com.kz.automed.UserActivity" />
39-->src/main/AndroidManifest.xml:23:9-50
39-->src/main/AndroidManifest.xml:23:19-47
40        <activity
40-->[com.google.firebase:firebase-auth:19.1.0] AndroidManifest.xml:24:9-31:50
41            android:name="com.google.firebase.auth.internal.FederatedSignInActivity"
41-->[com.google.firebase:firebase-auth:19.1.0] AndroidManifest.xml:25:13-85
42            android:excludeFromRecents="true"
42-->[com.google.firebase:firebase-auth:19.1.0] AndroidManifest.xml:26:13-46
43            android:exported="true"
43-->[com.google.firebase:firebase-auth:19.1.0] AndroidManifest.xml:27:13-36
44            android:launchMode="singleTask"
44-->[com.google.firebase:firebase-auth:19.1.0] AndroidManifest.xml:28:13-44
45            android:permission="com.google.firebase.auth.api.gms.permission.LAUNCH_FEDERATED_SIGN_IN"
45-->[com.google.firebase:firebase-auth:19.1.0] AndroidManifest.xml:29:13-102
46            android:theme="@android:style/Theme.Translucent.NoTitleBar" />
46-->[com.google.firebase:firebase-auth:19.1.0] AndroidManifest.xml:30:13-72
47
48        <service
48-->[com.google.firebase:firebase-auth:19.1.0] AndroidManifest.xml:33:9-39:19
49            android:name="com.google.firebase.components.ComponentDiscoveryService"
49-->[com.google.firebase:firebase-auth:19.1.0] AndroidManifest.xml:34:13-84
50            android:directBootAware="true"
50-->[com.google.firebase:firebase-common:19.1.0] AndroidManifest.xml:14:13-43
51            android:exported="false" >
51-->[com.google.firebase:firebase-auth:19.1.0] AndroidManifest.xml:35:13-37
52            <meta-data
52-->[com.google.firebase:firebase-auth:19.1.0] AndroidManifest.xml:36:13-38:85
53                android:name="com.google.firebase.components:com.google.firebase.auth.FirebaseAuthRegistrar"
53-->[com.google.firebase:firebase-auth:19.1.0] AndroidManifest.xml:37:17-109
54                android:value="com.google.firebase.components.ComponentRegistrar" />
54-->[com.google.firebase:firebase-auth:19.1.0] AndroidManifest.xml:38:17-82
55            <meta-data
55-->[com.google.firebase:firebase-database:19.1.0] AndroidManifest.xml:32:13-34:85
56                android:name="com.google.firebase.components:com.google.firebase.database.DatabaseRegistrar"
56-->[com.google.firebase:firebase-database:19.1.0] AndroidManifest.xml:33:17-109
57                android:value="com.google.firebase.components.ComponentRegistrar" />
57-->[com.google.firebase:firebase-database:19.1.0] AndroidManifest.xml:34:17-82
58            <meta-data
58-->[com.google.android.gms:play-services-measurement-api:17.2.0] AndroidManifest.xml:30:13-32:85
59                android:name="com.google.firebase.components:com.google.firebase.analytics.connector.internal.AnalyticsConnectorRegistrar"
59-->[com.google.android.gms:play-services-measurement-api:17.2.0] AndroidManifest.xml:31:17-139
60                android:value="com.google.firebase.components.ComponentRegistrar" />
60-->[com.google.android.gms:play-services-measurement-api:17.2.0] AndroidManifest.xml:32:17-82
61            <meta-data
61-->[com.google.firebase:firebase-iid:19.0.0] AndroidManifest.xml:32:13-34:85
62                android:name="com.google.firebase.components:com.google.firebase.iid.Registrar"
62-->[com.google.firebase:firebase-iid:19.0.0] AndroidManifest.xml:33:17-96
63                android:value="com.google.firebase.components.ComponentRegistrar" />
63-->[com.google.firebase:firebase-iid:19.0.0] AndroidManifest.xml:34:17-82
64        </service>
65
66        <receiver
66-->[com.google.firebase:firebase-iid:19.0.0] AndroidManifest.xml:37:9-44:20
67            android:name="com.google.firebase.iid.FirebaseInstanceIdReceiver"
67-->[com.google.firebase:firebase-iid:19.0.0] AndroidManifest.xml:38:13-78
68            android:exported="true"
68-->[com.google.firebase:firebase-iid:19.0.0] AndroidManifest.xml:39:13-36
69            android:permission="com.google.android.c2dm.permission.SEND" >
69-->[com.google.firebase:firebase-iid:19.0.0] AndroidManifest.xml:40:13-73
70            <intent-filter>
70-->[com.google.firebase:firebase-iid:19.0.0] AndroidManifest.xml:41:13-43:29
71                <action android:name="com.google.android.c2dm.intent.RECEIVE" />
71-->[com.google.firebase:firebase-iid:19.0.0] AndroidManifest.xml:42:17-81
71-->[com.google.firebase:firebase-iid:19.0.0] AndroidManifest.xml:42:25-78
72            </intent-filter>
73        </receiver>
74
75        <activity
75-->[com.google.android.gms:play-services-base:17.1.0] AndroidManifest.xml:23:9-26:75
76            android:name="com.google.android.gms.common.api.GoogleApiActivity"
76-->[com.google.android.gms:play-services-base:17.1.0] AndroidManifest.xml:24:13-79
77            android:exported="false"
77-->[com.google.android.gms:play-services-base:17.1.0] AndroidManifest.xml:25:13-37
78            android:theme="@android:style/Theme.Translucent.NoTitleBar" />
78-->[com.google.android.gms:play-services-base:17.1.0] AndroidManifest.xml:26:13-72
79
80        <receiver
80-->[com.google.android.gms:play-services-measurement:17.2.0] AndroidManifest.xml:29:9-33:20
81            android:name="com.google.android.gms.measurement.AppMeasurementReceiver"
81-->[com.google.android.gms:play-services-measurement:17.2.0] AndroidManifest.xml:30:13-85
82            android:enabled="true"
82-->[com.google.android.gms:play-services-measurement:17.2.0] AndroidManifest.xml:31:13-35
83            android:exported="false" >
83-->[com.google.android.gms:play-services-measurement:17.2.0] AndroidManifest.xml:32:13-37
84        </receiver>
85        <receiver
85-->[com.google.android.gms:play-services-measurement:17.2.0] AndroidManifest.xml:34:9-42:20
86            android:name="com.google.android.gms.measurement.AppMeasurementInstallReferrerReceiver"
86-->[com.google.android.gms:play-services-measurement:17.2.0] AndroidManifest.xml:35:13-100
87            android:enabled="true"
87-->[com.google.android.gms:play-services-measurement:17.2.0] AndroidManifest.xml:36:13-35
88            android:exported="true"
88-->[com.google.android.gms:play-services-measurement:17.2.0] AndroidManifest.xml:37:13-36
89            android:permission="android.permission.INSTALL_PACKAGES" >
89-->[com.google.android.gms:play-services-measurement:17.2.0] AndroidManifest.xml:38:13-69
90            <intent-filter>
90-->[com.google.android.gms:play-services-measurement:17.2.0] AndroidManifest.xml:39:13-41:29
91                <action android:name="com.android.vending.INSTALL_REFERRER" />
91-->[com.google.android.gms:play-services-measurement:17.2.0] AndroidManifest.xml:40:17-79
91-->[com.google.android.gms:play-services-measurement:17.2.0] AndroidManifest.xml:40:25-76
92            </intent-filter>
93        </receiver>
94
95        <service
95-->[com.google.android.gms:play-services-measurement:17.2.0] AndroidManifest.xml:44:9-47:40
96            android:name="com.google.android.gms.measurement.AppMeasurementService"
96-->[com.google.android.gms:play-services-measurement:17.2.0] AndroidManifest.xml:45:13-84
97            android:enabled="true"
97-->[com.google.android.gms:play-services-measurement:17.2.0] AndroidManifest.xml:46:13-35
98            android:exported="false" />
98-->[com.google.android.gms:play-services-measurement:17.2.0] AndroidManifest.xml:47:13-37
99        <service
99-->[com.google.android.gms:play-services-measurement:17.2.0] AndroidManifest.xml:48:9-52:72
100            android:name="com.google.android.gms.measurement.AppMeasurementJobService"
100-->[com.google.android.gms:play-services-measurement:17.2.0] AndroidManifest.xml:49:13-87
101            android:enabled="true"
101-->[com.google.android.gms:play-services-measurement:17.2.0] AndroidManifest.xml:50:13-35
102            android:exported="false"
102-->[com.google.android.gms:play-services-measurement:17.2.0] AndroidManifest.xml:51:13-37
103            android:permission="android.permission.BIND_JOB_SERVICE" />
103-->[com.google.android.gms:play-services-measurement:17.2.0] AndroidManifest.xml:52:13-69
104
105        <provider
105-->[com.google.firebase:firebase-common:19.1.0] AndroidManifest.xml:17:9-21:39
106            android:name="com.google.firebase.provider.FirebaseInitProvider"
106-->[com.google.firebase:firebase-common:19.1.0] AndroidManifest.xml:18:13-77
107            android:authorities="com.kz.automed.firebaseinitprovider"
107-->[com.google.firebase:firebase-common:19.1.0] AndroidManifest.xml:19:13-72
108            android:exported="false"
108-->[com.google.firebase:firebase-common:19.1.0] AndroidManifest.xml:20:13-37
109            android:initOrder="100" />
109-->[com.google.firebase:firebase-common:19.1.0] AndroidManifest.xml:21:13-36
110
111        <meta-data
111-->[com.google.android.gms:play-services-basement:17.0.0] AndroidManifest.xml:23:9-25:69
112            android:name="com.google.android.gms.version"
112-->[com.google.android.gms:play-services-basement:17.0.0] AndroidManifest.xml:24:13-58
113            android:value="@integer/google_play_services_version" />
113-->[com.google.android.gms:play-services-basement:17.0.0] AndroidManifest.xml:25:13-66
114    </application>
115
116</manifest>